<?xml version="1.0" encoding="UTF-8"?>
<!-- Generated by org.testng.reporters.JUnitXMLReporter -->
<testsuite ignored="0" hostname="LAPTOP-8MEQBBM7" failures="0" tests="3" name="Default test" time="62.393" errors="0" timestamp="2020-11-18T23:55:47 GST">
  <testcase classname="cucumber.api.testng.AbstractTestNGCucumberTests" name="feature" time="24.575"/>
  <testcase classname="cucumber.api.testng.AbstractTestNGCucumberTests" name="feature" time="10.998"/>
  <testcase classname="cucumber.api.testng.AbstractTestNGCucumberTests" name="feature" time="26.453"/>
</testsuite> <!-- Default test -->
