<?xml version="1.0" encoding="UTF-8"?>
<!-- Generated by org.testng.reporters.JUnitXMLReporter -->
<testsuite ignored="0" hostname="LAPTOP-8MEQBBM7" failures="0" tests="3" name="Validating User login" time="88.388" errors="0" timestamp="2020-11-19T10:21:49 GST">
  <testcase classname="cucumber.api.testng.AbstractTestNGCucumberTests" name="feature" time="24.921"/>
  <testcase classname="cucumber.api.testng.AbstractTestNGCucumberTests" name="feature" time="32.354"/>
  <testcase classname="cucumber.api.testng.AbstractTestNGCucumberTests" name="feature" time="30.836"/>
</testsuite> <!-- Validating User login -->
