<?xml version="1.0" encoding="UTF-8"?>
<!-- Generated by org.testng.reporters.JUnitXMLReporter -->
<testsuite hostname="LAPTOP-8MEQBBM7" name="Validating User login" tests="3" failures="0" timestamp="19 Nov 2020 06:44:49 GMT" time="88.084" errors="0">
  <testcase name="feature" time="25.203" classname="cucumberOptions.TestRunner"/>
  <testcase name="feature" time="31.613" classname="cucumberOptions.TestRunner"/>
  <testcase name="feature" time="30.994" classname="cucumberOptions.TestRunner"/>
</testsuite> <!-- Validating User login -->
