<?xml version="1.0" encoding="UTF-8"?>
<testng-results skipped="0" failed="0" total="3" passed="3">
  <reporter-output>
  </reporter-output>
  <suite name="Suite" duration-ms="88084" started-at="2020-11-19T06:43:21Z" finished-at="2020-11-19T06:44:49Z">
    <groups>
      <group name="cucumber">
        <method signature="AbstractTestNGCucumberTests.feature(cucumber.api.testng.CucumberFeatureWrapper)[pri:0, instance:cucumberOptions.TestRunner@737996a0]" name="feature" class="cucumber.api.testng.AbstractTestNGCucumberTests"/>
      </group> <!-- cucumber -->
    </groups>
    <test name="Validating User login" duration-ms="88084" started-at="2020-11-19T06:43:21Z" finished-at="2020-11-19T06:44:49Z">
      <class name="cucumberOptions.TestRunner">
        <test-method status="PASS" signature="setUpClass()[pri:0, instance:cucumberOptions.TestRunner@737996a0]" name="setUpClass" is-config="true" duration-ms="193" started-at="2020-11-19T10:43:21Z" finished-at="2020-11-19T10:43:21Z">
          <reporter-output>
          </reporter-output>
        </test-method> <!-- setUpClass -->
        <test-method status="PASS" signature="feature(cucumber.api.testng.CucumberFeatureWrapper)[pri:0, instance:cucumberOptions.TestRunner@737996a0]" name="feature" duration-ms="25203" started-at="2020-11-19T10:43:22Z" description="Runs Cucumber Feature" data-provider="features" finished-at="2020-11-19T10:43:47Z">
          <params>
            <param index="0">
              <value>
                <![CDATA[Calculator Basic Operations Test]]>
              </value>
            </param>
          </params>
          <reporter-output>
          </reporter-output>
        </test-method> <!-- feature -->
        <test-method status="PASS" signature="feature(cucumber.api.testng.CucumberFeatureWrapper)[pri:0, instance:cucumberOptions.TestRunner@737996a0]" name="feature" duration-ms="31613" started-at="2020-11-19T10:43:47Z" description="Runs Cucumber Feature" data-provider="features" finished-at="2020-11-19T10:44:18Z">
          <params>
            <param index="0">
              <value>
                <![CDATA[Calculator Division Negative Operations Test]]>
              </value>
            </param>
          </params>
          <reporter-output>
          </reporter-output>
        </test-method> <!-- feature -->
        <test-method status="PASS" signature="feature(cucumber.api.testng.CucumberFeatureWrapper)[pri:0, instance:cucumberOptions.TestRunner@737996a0]" name="feature" duration-ms="30994" started-at="2020-11-19T10:44:18Z" description="Runs Cucumber Feature" data-provider="features" finished-at="2020-11-19T10:44:49Z">
          <params>
            <param index="0">
              <value>
                <![CDATA[Calculator Negative Operations Test]]>
              </value>
            </param>
          </params>
          <reporter-output>
          </reporter-output>
        </test-method> <!-- feature -->
        <test-method status="PASS" signature="tearDownClass()[pri:0, instance:cucumberOptions.TestRunner@737996a0]" name="tearDownClass" is-config="true" duration-ms="7" started-at="2020-11-19T10:44:49Z" finished-at="2020-11-19T10:44:49Z">
          <reporter-output>
          </reporter-output>
        </test-method> <!-- tearDownClass -->
      </class> <!-- cucumberOptions.TestRunner -->
    </test> <!-- Validating User login -->
  </suite> <!-- Suite -->
</testng-results>
