<?xml version="1.0" encoding="UTF-8"?>
<testng-results ignored="0" total="3" passed="3" failed="0" skipped="0">
  <reporter-output>
  </reporter-output>
  <suite started-at="2020-11-19T10:20:20 GST" name="Suite" finished-at="2020-11-19T10:21:49 GST" duration-ms="88388">
    <groups>
      <group name="cucumber">
        <method signature="AbstractTestNGCucumberTests.feature(cucumber.api.testng.CucumberFeatureWrapper)[pri:0, instance:cucumberOptions.TestRunner@3cfdd820]" name="feature" class="cucumber.api.testng.AbstractTestNGCucumberTests"/>
      </group> <!-- cucumber -->
    </groups>
    <test started-at="2020-11-19T10:20:20 GST" name="Validating User login" finished-at="2020-11-19T10:21:49 GST" duration-ms="88388">
      <class name="cucumberOptions.TestRunner">
        <test-method is-config="true" signature="setUpClass()[pri:0, instance:cucumberOptions.TestRunner@3cfdd820]" started-at="2020-11-19T10:20:21 GST" name="setUpClass" finished-at="2020-11-19T10:20:21 GST" duration-ms="186" status="PASS">
          <reporter-output>
          </reporter-output>
        </test-method> <!-- setUpClass -->
        <test-method signature="feature(cucumber.api.testng.CucumberFeatureWrapper)[pri:0, instance:cucumberOptions.TestRunner@3cfdd820]" started-at="2020-11-19T10:20:21 GST" name="feature" description="Runs Cucumber Feature" data-provider="features" finished-at="2020-11-19T10:20:46 GST" duration-ms="24921" status="PASS">
          <params>
            <param index="0">
              <value>
                <![CDATA[Calculator Basic Operations Test]]>
              </value>
            </param>
          </params>
          <reporter-output>
          </reporter-output>
        </test-method> <!-- feature -->
        <test-method signature="feature(cucumber.api.testng.CucumberFeatureWrapper)[pri:0, instance:cucumberOptions.TestRunner@3cfdd820]" started-at="2020-11-19T10:20:46 GST" name="feature" description="Runs Cucumber Feature" data-provider="features" finished-at="2020-11-19T10:21:18 GST" duration-ms="32354" status="PASS">
          <params>
            <param index="0">
              <value>
                <![CDATA[Calculator Division Negative Operations Test]]>
              </value>
            </param>
          </params>
          <reporter-output>
          </reporter-output>
        </test-method> <!-- feature -->
        <test-method signature="feature(cucumber.api.testng.CucumberFeatureWrapper)[pri:0, instance:cucumberOptions.TestRunner@3cfdd820]" started-at="2020-11-19T10:21:18 GST" name="feature" description="Runs Cucumber Feature" data-provider="features" finished-at="2020-11-19T10:21:49 GST" duration-ms="30836" status="PASS">
          <params>
            <param index="0">
              <value>
                <![CDATA[Calculator Negative Operations Test]]>
              </value>
            </param>
          </params>
          <reporter-output>
          </reporter-output>
        </test-method> <!-- feature -->
        <test-method is-config="true" signature="tearDownClass()[pri:0, instance:cucumberOptions.TestRunner@3cfdd820]" started-at="2020-11-19T10:21:49 GST" name="tearDownClass" finished-at="2020-11-19T10:21:49 GST" duration-ms="3" status="PASS">
          <reporter-output>
          </reporter-output>
        </test-method> <!-- tearDownClass -->
      </class> <!-- cucumberOptions.TestRunner -->
    </test> <!-- Validating User login -->
  </suite> <!-- Suite -->
</testng-results>
